# JRE version: OpenJDK Runtime Environment (8.0_212-b04) (build 1.8.0_212-release-1586-b04)
# Java VM: OpenJDK 64-Bit Server VM (25.212-b04 mixed mode windows-amd64 compressed oops)
Heap:
 PSYoungGen      total 96256K, used 800K [0x00000000e0000000, 0x00000000e6e80000, 0x0000000100000000)
  eden space 83456K, 0% used [0x00000000e0000000,0x00000000e0000000,0x00000000e5180000)
  from space 12800K, 6% used [0x00000000e6200000,0x00000000e62c8000,0x00000000e6e80000)
  to   space 14848K, 0% used [0x00000000e5180000,0x00000000e5180000,0x00000000e6000000)
 ParOldGen       total 142336K, used 31255K [0x00000000a0000000, 0x00000000a8b00000, 0x00000000e0000000)
  object space 142336K, 21% used [0x00000000a0000000,0x00000000a1e85d00,0x00000000a8b00000)
 Metaspace       used 57223K, capacity 59088K, committed 59264K, reserved 1103872K
  class space    used 7765K, capacity 8239K, committed 8320K, reserved 1048576K
GC Heap History (10 events):
Event: 32.093 GC heap before
{Heap before GC invocations=16 (full 2):
 PSYoungGen      total 64512K, used 60867K [0x00000000e0000000, 0x00000000e5380000, 0x0000000100000000)
  eden space 54272K, 100% used [0x00000000e0000000,0x00000000e3500000,0x00000000e3500000)
  from space 10240K, 64% used [0x00000000e3500000,0x00000000e3b70e50,0x00000000e3f00000)
  to   space 10240K, 0% used [0x00000000e4980000,0x00000000e4980000,0x00000000e5380000)
 ParOldGen       total 98816K, used 17208K [0x00000000a0000000, 0x00000000a6080000, 0x00000000e0000000)
  object space 98816K, 17% used [0x00000000a0000000,0x00000000a10ce020,0x00000000a6080000)
 Metaspace       used 45549K, capacity 46864K, committed 47104K, reserved 1089536K
  class space    used 6062K, capacity 6384K, committed 6400K, reserved 1048576K
Event: 32.109 GC heap after
Heap after GC invocations=16 (full 2):
 PSYoungGen      total 73728K, used 10219K [0x00000000e0000000, 0x00000000e5600000, 0x0000000100000000)
  eden space 63488K, 0% used [0x00000000e0000000,0x00000000e0000000,0x00000000e3e00000)
  from space 10240K, 99% used [0x00000000e4980000,0x00000000e537acf0,0x00000000e5380000)
  to   space 11776K, 0% used [0x00000000e3e00000,0x00000000e3e00000,0x00000000e4980000)
 ParOldGen       total 98816K, used 18424K [0x00000000a0000000, 0x00000000a6080000, 0x00000000e0000000)
  object space 98816K, 18% used [0x00000000a0000000,0x00000000a11fe2c0,0x00000000a6080000)
 Metaspace       used 45549K, capacity 46864K, committed 47104K, reserved 1089536K
  class space    used 6062K, capacity 6384K, committed 6400K, reserved 1048576K
}
Event: 37.425 GC heap before
{Heap before GC invocations=17 (full 2):
 PSYoungGen      total 73728K, used 73707K [0x00000000e0000000, 0x00000000e5600000, 0x0000000100000000)
  eden space 63488K, 100% used [0x00000000e0000000,0x00000000e3e00000,0x00000000e3e00000)
  from space 10240K, 99% used [0x00000000e4980000,0x00000000e537acf0,0x00000000e5380000)
  to   space 11776K, 0% used [0x00000000e3e00000,0x00000000e3e00000,0x00000000e4980000)
 ParOldGen       total 98816K, used 18424K [0x00000000a0000000, 0x00000000a6080000, 0x00000000e0000000)
  object space 98816K, 18% used [0x00000000a0000000,0x00000000a11fe2c0,0x00000000a6080000)
 Metaspace       used 51500K, capacity 52914K, committed 53248K, reserved 1095680K
  class space    used 6787K, capacity 7105K, committed 7168K, reserved 1048576K
Event: 37.440 GC heap after
Heap after GC invocations=17 (full 2):
 PSYoungGen      total 75264K, used 10343K [0x00000000e0000000, 0x00000000e6180000, 0x0000000100000000)
  eden space 63488K, 0% used [0x00000000e0000000,0x00000000e0000000,0x00000000e3e00000)
  from space 11776K, 87% used [0x00000000e3e00000,0x00000000e4819cc0,0x00000000e4980000)
  to   space 12800K, 0% used [0x00000000e5500000,0x00000000e5500000,0x00000000e6180000)
 ParOldGen       total 98816K, used 23338K [0x00000000a0000000, 0x00000000a6080000, 0x00000000e0000000)
  object space 98816K, 23% used [0x00000000a0000000,0x00000000a16caba0,0x00000000a6080000)
 Metaspace       used 51500K, capacity 52914K, committed 53248K, reserved 1095680K
  class space    used 6787K, capacity 7105K, committed 7168K, reserved 1048576K
}
Event: 39.857 GC heap before
{Heap before GC invocations=18 (full 2):
 PSYoungGen      total 75264K, used 73831K [0x00000000e0000000, 0x00000000e6180000, 0x0000000100000000)
  eden space 63488K, 100% used [0x00000000e0000000,0x00000000e3e00000,0x00000000e3e00000)
  from space 11776K, 87% used [0x00000000e3e00000,0x00000000e4819cc0,0x00000000e4980000)
  to   space 12800K, 0% used [0x00000000e5500000,0x00000000e5500000,0x00000000e6180000)
 ParOldGen       total 98816K, used 23338K [0x00000000a0000000, 0x00000000a6080000, 0x00000000e0000000)
  object space 98816K, 23% used [0x00000000a0000000,0x00000000a16caba0,0x00000000a6080000)
 Metaspace       used 55770K, capacity 57692K, committed 57984K, reserved 1099776K
  class space    used 7522K, capacity 7978K, committed 8064K, reserved 1048576K
Event: 39.877 GC heap after
Heap after GC invocations=18 (full 2):
 PSYoungGen      total 84992K, used 12794K [0x00000000e0000000, 0x00000000e6700000, 0x0000000100000000)
  eden space 72192K, 0% used [0x00000000e0000000,0x00000000e0000000,0x00000000e4680000)
  from space 12800K, 99% used [0x00000000e5500000,0x00000000e617e938,0x00000000e6180000)
  to   space 14848K, 0% used [0x00000000e4680000,0x00000000e4680000,0x00000000e5500000)
 ParOldGen       total 98816K, used 24521K [0x00000000a0000000, 0x00000000a6080000, 0x00000000e0000000)
  object space 98816K, 24% used [0x00000000a0000000,0x00000000a17f2728,0x00000000a6080000)
 Metaspace       used 55770K, capacity 57692K, committed 57984K, reserved 1099776K
  class space    used 7522K, capacity 7978K, committed 8064K, reserved 1048576K
}
Event: 40.480 GC heap before
{Heap before GC invocations=19 (full 2):
 PSYoungGen      total 84992K, used 36670K [0x00000000e0000000, 0x00000000e6700000, 0x0000000100000000)
  eden space 72192K, 33% used [0x00000000e0000000,0x00000000e1751280,0x00000000e4680000)
  from space 12800K, 99% used [0x00000000e5500000,0x00000000e617e938,0x00000000e6180000)
  to   space 14848K, 0% used [0x00000000e4680000,0x00000000e4680000,0x00000000e5500000)
 ParOldGen       total 98816K, used 24521K [0x00000000a0000000, 0x00000000a6080000, 0x00000000e0000000)
  object space 98816K, 24% used [0x00000000a0000000,0x00000000a17f2728,0x00000000a6080000)
 Metaspace       used 57002K, capacity 59034K, committed 59136K, reserved 1099776K
  class space    used 7723K, capacity 8191K, committed 8192K, reserved 1048576K
Event: 40.496 GC heap after
Heap after GC invocations=19 (full 2):
 PSYoungGen      total 87040K, used 5745K [0x00000000e0000000, 0x00000000e7000000, 0x0000000100000000)
  eden space 72192K, 0% used [0x00000000e0000000,0x00000000e0000000,0x00000000e4680000)
  from space 14848K, 38% used [0x00000000e4680000,0x00000000e4c1c5b0,0x00000000e5500000)
  to   space 14336K, 0% used [0x00000000e6200000,0x00000000e6200000,0x00000000e7000000)
 ParOldGen       total 98816K, used 31216K [0x00000000a0000000, 0x00000000a6080000, 0x00000000e0000000)
  object space 98816K, 31% used [0x00000000a0000000,0x00000000a1e7c2e0,0x00000000a6080000)
 Metaspace       used 57002K, capacity 59034K, committed 59136K, reserved 1099776K
  class space    used 7723K, capacity 8191K, committed 8192K, reserved 1048576K
}
Event: 40.496 GC heap before
{Heap before GC invocations=20 (full 3):
 PSYoungGen      total 87040K, used 5745K [0x00000000e0000000, 0x00000000e7000000, 0x0000000100000000)
  eden space 72192K, 0% used [0x00000000e0000000,0x00000000e0000000,0x00000000e4680000)
  from space 14848K, 38% used [0x00000000e4680000,0x00000000e4c1c5b0,0x00000000e5500000)
  to   space 14336K, 0% used [0x00000000e6200000,0x00000000e6200000,0x00000000e7000000)
 ParOldGen       total 98816K, used 31216K [0x00000000a0000000, 0x00000000a6080000, 0x00000000e0000000)
  object space 98816K, 31% used [0x00000000a0000000,0x00000000a1e7c2e0,0x00000000a6080000)
 Metaspace       used 57002K, capacity 59034K, committed 59136K, reserved 1099776K
  class space    used 7723K, capacity 8191K, committed 8192K, reserved 1048576K
Event: 40.973 GC heap after
Heap after GC invocations=20 (full 3):
 PSYoungGen      total 87040K, used 0K [0x00000000e0000000, 0x00000000e7000000, 0x0000000100000000)
  eden space 72192K, 0% used [0x00000000e0000000,0x00000000e0000000,0x00000000e4680000)
  from space 14848K, 0% used [0x00000000e4680000,0x00000000e4680000,0x00000000e5500000)
  to   space 14336K, 0% used [0x00000000e6200000,0x00000000e6200000,0x00000000e7000000)
 ParOldGen       total 142336K, used 31247K [0x00000000a0000000, 0x00000000a8b00000, 0x00000000e0000000)
  object space 142336K, 21% used [0x00000000a0000000,0x00000000a1e83d00,0x00000000a8b00000)
 Metaspace       used 56948K, capacity 58856K, committed 59136K, reserved 1099776K
  class space    used 7707K, capacity 8167K, committed 8192K, reserved 1048576K
}

