# JRE version: OpenJDK Runtime Environment (8.0_212-b04) (build 1.8.0_212-release-1586-b04)
# Java VM: OpenJDK 64-Bit Server VM (25.212-b04 mixed mode windows-amd64 compressed oops)
Heap:
 PSYoungGen      total 326144K, used 31687K [0x00000000e0000000, 0x00000000f9080000, 0x0000000100000000)
  eden space 283648K, 7% used [0x00000000e0000000,0x00000000e147a330,0x00000000f1500000)
  from space 42496K, 25% used [0x00000000f1500000,0x00000000f1f77a10,0x00000000f3e80000)
  to   space 41472K, 0% used [0x00000000f6800000,0x00000000f6800000,0x00000000f9080000)
 ParOldGen       total 243200K, used 85440K [0x00000000a0000000, 0x00000000aed80000, 0x00000000e0000000)
  object space 243200K, 35% used [0x00000000a0000000,0x00000000a53702b0,0x00000000aed80000)
 Metaspace       used 100404K, capacity 105212K, committed 105344K, reserved 1140736K
  class space    used 12924K, capacity 13850K, committed 13952K, reserved 1048576K
GC Heap History (10 events):
Event: 1154.731 GC heap before
{Heap before GC invocations=31 (full 4):
 PSYoungGen      total 254976K, used 223983K [0x00000000e0000000, 0x00000000f2900000, 0x0000000100000000)
  eden space 206848K, 100% used [0x00000000e0000000,0x00000000eca00000,0x00000000eca00000)
  from space 48128K, 35% used [0x00000000efa00000,0x00000000f0abbff0,0x00000000f2900000)
  to   space 48640K, 0% used [0x00000000eca00000,0x00000000eca00000,0x00000000ef980000)
 ParOldGen       total 243200K, used 81218K [0x00000000a0000000, 0x00000000aed80000, 0x00000000e0000000)
  object space 243200K, 33% used [0x00000000a0000000,0x00000000a4f50a78,0x00000000aed80000)
 Metaspace       used 99852K, capacity 104634K, committed 104832K, reserved 1140736K
  class space    used 12897K, capacity 13845K, committed 13952K, reserved 1048576K
Event: 1154.748 GC heap after
Heap after GC invocations=31 (full 4):
 PSYoungGen      total 255488K, used 26198K [0x00000000e0000000, 0x00000000f4b80000, 0x0000000100000000)
  eden space 206848K, 0% used [0x00000000e0000000,0x00000000e0000000,0x00000000eca00000)
  from space 48640K, 53% used [0x00000000eca00000,0x00000000ee3959a8,0x00000000ef980000)
  to   space 48128K, 0% used [0x00000000f1c80000,0x00000000f1c80000,0x00000000f4b80000)
 ParOldGen       total 243200K, used 81226K [0x00000000a0000000, 0x00000000aed80000, 0x00000000e0000000)
  object space 243200K, 33% used [0x00000000a0000000,0x00000000a4f52a78,0x00000000aed80000)
 Metaspace       used 99852K, capacity 104634K, committed 104832K, reserved 1140736K
  class space    used 12897K, capacity 13845K, committed 13952K, reserved 1048576K
}
Event: 1155.171 GC heap before
{Heap before GC invocations=32 (full 4):
 PSYoungGen      total 255488K, used 233046K [0x00000000e0000000, 0x00000000f4b80000, 0x0000000100000000)
  eden space 206848K, 100% used [0x00000000e0000000,0x00000000eca00000,0x00000000eca00000)
  from space 48640K, 53% used [0x00000000eca00000,0x00000000ee3959a8,0x00000000ef980000)
  to   space 48128K, 0% used [0x00000000f1c80000,0x00000000f1c80000,0x00000000f4b80000)
 ParOldGen       total 243200K, used 81226K [0x00000000a0000000, 0x00000000aed80000, 0x00000000e0000000)
  object space 243200K, 33% used [0x00000000a0000000,0x00000000a4f52a78,0x00000000aed80000)
 Metaspace       used 100091K, capacity 104854K, committed 105088K, reserved 1140736K
  class space    used 12901K, capacity 13847K, committed 13952K, reserved 1048576K
Event: 1155.185 GC heap after
Heap after GC invocations=32 (full 4):
 PSYoungGen      total 287232K, used 22159K [0x00000000e0000000, 0x00000000f4780000, 0x0000000100000000)
  eden space 243200K, 0% used [0x00000000e0000000,0x00000000e0000000,0x00000000eed80000)
  from space 44032K, 50% used [0x00000000f1c80000,0x00000000f3223d70,0x00000000f4780000)
  to   space 46080K, 0% used [0x00000000eed80000,0x00000000eed80000,0x00000000f1a80000)
 ParOldGen       total 243200K, used 81234K [0x00000000a0000000, 0x00000000aed80000, 0x00000000e0000000)
  object space 243200K, 33% used [0x00000000a0000000,0x00000000a4f54a78,0x00000000aed80000)
 Metaspace       used 100091K, capacity 104854K, committed 105088K, reserved 1140736K
  class space    used 12901K, capacity 13847K, committed 13952K, reserved 1048576K
}
Event: 1155.727 GC heap before
{Heap before GC invocations=33 (full 4):
 PSYoungGen      total 287232K, used 265359K [0x00000000e0000000, 0x00000000f4780000, 0x0000000100000000)
  eden space 243200K, 100% used [0x00000000e0000000,0x00000000eed80000,0x00000000eed80000)
  from space 44032K, 50% used [0x00000000f1c80000,0x00000000f3223d70,0x00000000f4780000)
  to   space 46080K, 0% used [0x00000000eed80000,0x00000000eed80000,0x00000000f1a80000)
 ParOldGen       total 243200K, used 81234K [0x00000000a0000000, 0x00000000aed80000, 0x00000000e0000000)
  object space 243200K, 33% used [0x00000000a0000000,0x00000000a4f54a78,0x00000000aed80000)
 Metaspace       used 100169K, capacity 104924K, committed 105088K, reserved 1140736K
  class space    used 12902K, capacity 13848K, committed 13952K, reserved 1048576K
Event: 1155.746 GC heap after
Heap after GC invocations=33 (full 4):
 PSYoungGen      total 289280K, used 18371K [0x00000000e0000000, 0x00000000f6c80000, 0x0000000100000000)
  eden space 243200K, 0% used [0x00000000e0000000,0x00000000e0000000,0x00000000eed80000)
  from space 46080K, 39% used [0x00000000eed80000,0x00000000eff70c48,0x00000000f1a80000)
  to   space 44032K, 0% used [0x00000000f4180000,0x00000000f4180000,0x00000000f6c80000)
 ParOldGen       total 243200K, used 84097K [0x00000000a0000000, 0x00000000aed80000, 0x00000000e0000000)
  object space 243200K, 34% used [0x00000000a0000000,0x00000000a5220548,0x00000000aed80000)
 Metaspace       used 100169K, capacity 104924K, committed 105088K, reserved 1140736K
  class space    used 12902K, capacity 13848K, committed 13952K, reserved 1048576K
}
Event: 1156.330 GC heap before
{Heap before GC invocations=34 (full 4):
 PSYoungGen      total 289280K, used 261571K [0x00000000e0000000, 0x00000000f6c80000, 0x0000000100000000)
  eden space 243200K, 100% used [0x00000000e0000000,0x00000000eed80000,0x00000000eed80000)
  from space 46080K, 39% used [0x00000000eed80000,0x00000000eff70c48,0x00000000f1a80000)
  to   space 44032K, 0% used [0x00000000f4180000,0x00000000f4180000,0x00000000f6c80000)
 ParOldGen       total 243200K, used 84097K [0x00000000a0000000, 0x00000000aed80000, 0x00000000e0000000)
  object space 243200K, 34% used [0x00000000a0000000,0x00000000a5220548,0x00000000aed80000)
 Metaspace       used 100235K, capacity 105002K, committed 105344K, reserved 1140736K
  class space    used 12909K, capacity 13849K, committed 13952K, reserved 1048576K
Event: 1156.343 GC heap after
Heap after GC invocations=34 (full 4):
 PSYoungGen      total 323072K, used 16305K [0x00000000e0000000, 0x00000000f6800000, 0x0000000100000000)
  eden space 283648K, 0% used [0x00000000e0000000,0x00000000e0000000,0x00000000f1500000)
  from space 39424K, 41% used [0x00000000f4180000,0x00000000f516c498,0x00000000f6800000)
  to   space 42496K, 0% used [0x00000000f1500000,0x00000000f1500000,0x00000000f3e80000)
 ParOldGen       total 243200K, used 84453K [0x00000000a0000000, 0x00000000aed80000, 0x00000000e0000000)
  object space 243200K, 34% used [0x00000000a0000000,0x00000000a52796e0,0x00000000aed80000)
 Metaspace       used 100235K, capacity 105002K, committed 105344K, reserved 1140736K
  class space    used 12909K, capacity 13849K, committed 13952K, reserved 1048576K
}
Event: 1157.415 GC heap before
{Heap before GC invocations=35 (full 4):
 PSYoungGen      total 323072K, used 299953K [0x00000000e0000000, 0x00000000f6800000, 0x0000000100000000)
  eden space 283648K, 100% used [0x00000000e0000000,0x00000000f1500000,0x00000000f1500000)
  from space 39424K, 41% used [0x00000000f4180000,0x00000000f516c498,0x00000000f6800000)
  to   space 42496K, 0% used [0x00000000f1500000,0x00000000f1500000,0x00000000f3e80000)
 ParOldGen       total 243200K, used 84453K [0x00000000a0000000, 0x00000000aed80000, 0x00000000e0000000)
  object space 243200K, 34% used [0x00000000a0000000,0x00000000a52796e0,0x00000000aed80000)
 Metaspace       used 100279K, capacity 105014K, committed 105344K, reserved 1140736K
  class space    used 12909K, capacity 13849K, committed 13952K, reserved 1048576K
Event: 1157.425 GC heap after
Heap after GC invocations=35 (full 4):
 PSYoungGen      total 326144K, used 10718K [0x00000000e0000000, 0x00000000f9080000, 0x0000000100000000)
  eden space 283648K, 0% used [0x00000000e0000000,0x00000000e0000000,0x00000000f1500000)
  from space 42496K, 25% used [0x00000000f1500000,0x00000000f1f77a10,0x00000000f3e80000)
  to   space 41472K, 0% used [0x00000000f6800000,0x00000000f6800000,0x00000000f9080000)
 ParOldGen       total 243200K, used 85440K [0x00000000a0000000, 0x00000000aed80000, 0x00000000e0000000)
  object space 243200K, 35% used [0x00000000a0000000,0x00000000a53702b0,0x00000000aed80000)
 Metaspace       used 100279K, capacity 105014K, committed 105344K, reserved 1140736K
  class space    used 12909K, capacity 13849K, committed 13952K, reserved 1048576K
}

