# JRE version: OpenJDK Runtime Environment (8.0_212-b04) (build 1.8.0_212-release-1586-b04)
# Java VM: OpenJDK 64-Bit Server VM (25.212-b04 mixed mode windows-amd64 compressed oops)
Heap:
 PSYoungGen      total 358912K, used 106691K [0x00000000e0000000, 0x00000000f8380000, 0x0000000100000000)
  eden space 322048K, 28% used [0x00000000e0000000,0x00000000e5851748,0x00000000f3a80000)
  from space 36864K, 44% used [0x00000000f5d00000,0x00000000f6cdf878,0x00000000f8100000)
  to   space 35328K, 0% used [0x00000000f3a80000,0x00000000f3a80000,0x00000000f5d00000)
 ParOldGen       total 223232K, used 63356K [0x00000000a0000000, 0x00000000ada00000, 0x00000000e0000000)
  object space 223232K, 28% used [0x00000000a0000000,0x00000000a3ddf3a8,0x00000000ada00000)
 Metaspace       used 107678K, capacity 113252K, committed 113536K, reserved 1146880K
  class space    used 14055K, capacity 15132K, committed 15232K, reserved 1048576K
GC Heap History (10 events):
Event: 117.056 GC heap before
{Heap before GC invocations=24 (full 3):
 PSYoungGen      total 281600K, used 44522K [0x00000000e0000000, 0x00000000f4000000, 0x0000000100000000)
  eden space 240128K, 13% used [0x00000000e0000000,0x00000000e1e92f18,0x00000000eea80000)
  from space 41472K, 31% used [0x00000000f1200000,0x00000000f1ee7918,0x00000000f3a80000)
  to   space 40448K, 0% used [0x00000000eea80000,0x00000000eea80000,0x00000000f1200000)
 ParOldGen       total 146432K, used 94052K [0x00000000a0000000, 0x00000000a8f00000, 0x00000000e0000000)
  object space 146432K, 64% used [0x00000000a0000000,0x00000000a5bd9050,0x00000000a8f00000)
 Metaspace       used 94124K, capacity 98912K, committed 98932K, reserved 1134592K
  class space    used 12352K, capacity 13292K, committed 13312K, reserved 1048576K
Event: 117.076 GC heap after
Heap after GC invocations=24 (full 3):
 PSYoungGen      total 280576K, used 12512K [0x00000000e0000000, 0x00000000f5a00000, 0x0000000100000000)
  eden space 240128K, 0% used [0x00000000e0000000,0x00000000e0000000,0x00000000eea80000)
  from space 40448K, 30% used [0x00000000eea80000,0x00000000ef6b81a8,0x00000000f1200000)
  to   space 38912K, 0% used [0x00000000f3400000,0x00000000f3400000,0x00000000f5a00000)
 ParOldGen       total 146432K, used 94060K [0x00000000a0000000, 0x00000000a8f00000, 0x00000000e0000000)
  object space 146432K, 64% used [0x00000000a0000000,0x00000000a5bdb050,0x00000000a8f00000)
 Metaspace       used 94124K, capacity 98912K, committed 98932K, reserved 1134592K
  class space    used 12352K, capacity 13292K, committed 13312K, reserved 1048576K
}
Event: 117.076 GC heap before
{Heap before GC invocations=25 (full 4):
 PSYoungGen      total 280576K, used 12512K [0x00000000e0000000, 0x00000000f5a00000, 0x0000000100000000)
  eden space 240128K, 0% used [0x00000000e0000000,0x00000000e0000000,0x00000000eea80000)
  from space 40448K, 30% used [0x00000000eea80000,0x00000000ef6b81a8,0x00000000f1200000)
  to   space 38912K, 0% used [0x00000000f3400000,0x00000000f3400000,0x00000000f5a00000)
 ParOldGen       total 146432K, used 94060K [0x00000000a0000000, 0x00000000a8f00000, 0x00000000e0000000)
  object space 146432K, 64% used [0x00000000a0000000,0x00000000a5bdb050,0x00000000a8f00000)
 Metaspace       used 94124K, capacity 98912K, committed 98932K, reserved 1134592K
  class space    used 12352K, capacity 13292K, committed 13312K, reserved 1048576K
Event: 117.411 GC heap after
Heap after GC invocations=25 (full 4):
 PSYoungGen      total 280576K, used 0K [0x00000000e0000000, 0x00000000f5a00000, 0x0000000100000000)
  eden space 240128K, 0% used [0x00000000e0000000,0x00000000e0000000,0x00000000eea80000)
  from space 40448K, 0% used [0x00000000eea80000,0x00000000eea80000,0x00000000f1200000)
  to   space 38912K, 0% used [0x00000000f3400000,0x00000000f3400000,0x00000000f5a00000)
 ParOldGen       total 223232K, used 63331K [0x00000000a0000000, 0x00000000ada00000, 0x00000000e0000000)
  object space 223232K, 28% used [0x00000000a0000000,0x00000000a3dd8c00,0x00000000ada00000)
 Metaspace       used 93746K, capacity 97812K, committed 98932K, reserved 1134592K
  class space    used 12229K, capacity 13074K, committed 13312K, reserved 1048576K
}
Event: 123.513 GC heap before
{Heap before GC invocations=26 (full 4):
 PSYoungGen      total 280576K, used 240128K [0x00000000e0000000, 0x00000000f5a00000, 0x0000000100000000)
  eden space 240128K, 100% used [0x00000000e0000000,0x00000000eea80000,0x00000000eea80000)
  from space 40448K, 0% used [0x00000000eea80000,0x00000000eea80000,0x00000000f1200000)
  to   space 38912K, 0% used [0x00000000f3400000,0x00000000f3400000,0x00000000f5a00000)
 ParOldGen       total 223232K, used 63332K [0x00000000a0000000, 0x00000000ada00000, 0x00000000e0000000)
  object space 223232K, 28% used [0x00000000a0000000,0x00000000a3dd93a8,0x00000000ada00000)
 Metaspace       used 103037K, capacity 108374K, committed 108672K, reserved 1142784K
  class space    used 13614K, capacity 14641K, committed 14720K, reserved 1048576K
Event: 123.547 GC heap after
Heap after GC invocations=26 (full 4):
 PSYoungGen      total 315392K, used 22549K [0x00000000e0000000, 0x00000000f5b00000, 0x0000000100000000)
  eden space 276480K, 0% used [0x00000000e0000000,0x00000000e0000000,0x00000000f0e00000)
  from space 38912K, 57% used [0x00000000f3400000,0x00000000f4a055c8,0x00000000f5a00000)
  to   space 38912K, 0% used [0x00000000f0e00000,0x00000000f0e00000,0x00000000f3400000)
 ParOldGen       total 223232K, used 63340K [0x00000000a0000000, 0x00000000ada00000, 0x00000000e0000000)
  object space 223232K, 28% used [0x00000000a0000000,0x00000000a3ddb3a8,0x00000000ada00000)
 Metaspace       used 103037K, capacity 108374K, committed 108672K, reserved 1142784K
  class space    used 13614K, capacity 14641K, committed 14720K, reserved 1048576K
}
Event: 125.430 GC heap before
{Heap before GC invocations=27 (full 4):
 PSYoungGen      total 315392K, used 299029K [0x00000000e0000000, 0x00000000f5b00000, 0x0000000100000000)
  eden space 276480K, 100% used [0x00000000e0000000,0x00000000f0e00000,0x00000000f0e00000)
  from space 38912K, 57% used [0x00000000f3400000,0x00000000f4a055c8,0x00000000f5a00000)
  to   space 38912K, 0% used [0x00000000f0e00000,0x00000000f0e00000,0x00000000f3400000)
 ParOldGen       total 223232K, used 63340K [0x00000000a0000000, 0x00000000ada00000, 0x00000000e0000000)
  object space 223232K, 28% used [0x00000000a0000000,0x00000000a3ddb3a8,0x00000000ada00000)
 Metaspace       used 104224K, capacity 109680K, committed 109824K, reserved 1144832K
  class space    used 13702K, capacity 14756K, committed 14848K, reserved 1048576K
Event: 125.467 GC heap after
Heap after GC invocations=27 (full 4):
 PSYoungGen      total 315392K, used 15672K [0x00000000e0000000, 0x00000000f8100000, 0x0000000100000000)
  eden space 276480K, 0% used [0x00000000e0000000,0x00000000e0000000,0x00000000f0e00000)
  from space 38912K, 40% used [0x00000000f0e00000,0x00000000f1d4e060,0x00000000f3400000)
  to   space 36864K, 0% used [0x00000000f5d00000,0x00000000f5d00000,0x00000000f8100000)
 ParOldGen       total 223232K, used 63348K [0x00000000a0000000, 0x00000000ada00000, 0x00000000e0000000)
  object space 223232K, 28% used [0x00000000a0000000,0x00000000a3ddd3a8,0x00000000ada00000)
 Metaspace       used 104224K, capacity 109680K, committed 109824K, reserved 1144832K
  class space    used 13702K, capacity 14756K, committed 14848K, reserved 1048576K
}
Event: 126.791 GC heap before
{Heap before GC invocations=28 (full 4):
 PSYoungGen      total 315392K, used 292152K [0x00000000e0000000, 0x00000000f8100000, 0x0000000100000000)
  eden space 276480K, 100% used [0x00000000e0000000,0x00000000f0e00000,0x00000000f0e00000)
  from space 38912K, 40% used [0x00000000f0e00000,0x00000000f1d4e060,0x00000000f3400000)
  to   space 36864K, 0% used [0x00000000f5d00000,0x00000000f5d00000,0x00000000f8100000)
 ParOldGen       total 223232K, used 63348K [0x00000000a0000000, 0x00000000ada00000, 0x00000000e0000000)
  object space 223232K, 28% used [0x00000000a0000000,0x00000000a3ddd3a8,0x00000000ada00000)
 Metaspace       used 107047K, capacity 112540K, committed 112640K, reserved 1146880K
  class space    used 13996K, capacity 15048K, committed 15104K, reserved 1048576K
Event: 126.837 GC heap after
Heap after GC invocations=28 (full 4):
 PSYoungGen      total 358912K, used 16254K [0x00000000e0000000, 0x00000000f8380000, 0x0000000100000000)
  eden space 322048K, 0% used [0x00000000e0000000,0x00000000e0000000,0x00000000f3a80000)
  from space 36864K, 44% used [0x00000000f5d00000,0x00000000f6cdf878,0x00000000f8100000)
  to   space 35328K, 0% used [0x00000000f3a80000,0x00000000f3a80000,0x00000000f5d00000)
 ParOldGen       total 223232K, used 63356K [0x00000000a0000000, 0x00000000ada00000, 0x00000000e0000000)
  object space 223232K, 28% used [0x00000000a0000000,0x00000000a3ddf3a8,0x00000000ada00000)
 Metaspace       used 107047K, capacity 112540K, committed 112640K, reserved 1146880K
  class space    used 13996K, capacity 15048K, committed 15104K, reserved 1048576K
}

