# JRE version: OpenJDK Runtime Environment (8.0_212-b04) (build 1.8.0_212-release-1586-b04)
# Java VM: OpenJDK 64-Bit Server VM (25.212-b04 mixed mode windows-amd64 compressed oops)
Heap:
 PSYoungGen      total 109056K, used 65828K [0x00000000e0000000, 0x00000000e8100000, 0x0000000100000000)
  eden space 91648K, 71% used [0x00000000e0000000,0x00000000e40493a0,0x00000000e5980000)
  from space 17408K, 0% used [0x00000000e5980000,0x00000000e5980000,0x00000000e6a80000)
  to   space 14336K, 0% used [0x00000000e6a80000,0x00000000e6a80000,0x00000000e7880000)
 ParOldGen       total 97792K, used 31923K [0x00000000a0000000, 0x00000000a5f80000, 0x00000000e0000000)
  object space 97792K, 32% used [0x00000000a0000000,0x00000000a1f2cd98,0x00000000a5f80000)
 Metaspace       used 59768K, capacity 61770K, committed 61976K, reserved 1101824K
  class space    used 8219K, capacity 8699K, committed 8744K, reserved 1048576K
GC Heap History (10 events):
Event: 10.532 GC heap before
{Heap before GC invocations=14 (full 2):
 PSYoungGen      total 72192K, used 60416K [0x00000000e0000000, 0x00000000e6900000, 0x0000000100000000)
  eden space 60416K, 100% used [0x00000000e0000000,0x00000000e3b00000,0x00000000e3b00000)
  from space 11776K, 0% used [0x00000000e3b00000,0x00000000e3b00000,0x00000000e4680000)
  to   space 12288K, 0% used [0x00000000e5d00000,0x00000000e5d00000,0x00000000e6900000)
 ParOldGen       total 97792K, used 17709K [0x00000000a0000000, 0x00000000a5f80000, 0x00000000e0000000)
  object space 97792K, 18% used [0x00000000a0000000,0x00000000a114b4a0,0x00000000a5f80000)
 Metaspace       used 39382K, capacity 40660K, committed 40744K, reserved 1085440K
  class space    used 5345K, capacity 5644K, committed 5672K, reserved 1048576K
Event: 10.539 GC heap after
Heap after GC invocations=14 (full 2):
 PSYoungGen      total 83968K, used 7557K [0x00000000e0000000, 0x00000000e6480000, 0x0000000100000000)
  eden space 76288K, 0% used [0x00000000e0000000,0x00000000e0000000,0x00000000e4a80000)
  from space 7680K, 98% used [0x00000000e5d00000,0x00000000e6461580,0x00000000e6480000)
  to   space 12288K, 0% used [0x00000000e4c80000,0x00000000e4c80000,0x00000000e5880000)
 ParOldGen       total 97792K, used 17717K [0x00000000a0000000, 0x00000000a5f80000, 0x00000000e0000000)
  object space 97792K, 18% used [0x00000000a0000000,0x00000000a114d4a0,0x00000000a5f80000)
 Metaspace       used 39382K, capacity 40660K, committed 40744K, reserved 1085440K
  class space    used 5345K, capacity 5644K, committed 5672K, reserved 1048576K
}
Event: 11.891 GC heap before
{Heap before GC invocations=15 (full 2):
 PSYoungGen      total 83968K, used 83845K [0x00000000e0000000, 0x00000000e6480000, 0x0000000100000000)
  eden space 76288K, 100% used [0x00000000e0000000,0x00000000e4a80000,0x00000000e4a80000)
  from space 7680K, 98% used [0x00000000e5d00000,0x00000000e6461580,0x00000000e6480000)
  to   space 12288K, 0% used [0x00000000e4c80000,0x00000000e4c80000,0x00000000e5880000)
 ParOldGen       total 97792K, used 17717K [0x00000000a0000000, 0x00000000a5f80000, 0x00000000e0000000)
  object space 97792K, 18% used [0x00000000a0000000,0x00000000a114d4a0,0x00000000a5f80000)
 Metaspace       used 47704K, capacity 49066K, committed 49320K, reserved 1091584K
  class space    used 6373K, capacity 6698K, committed 6824K, reserved 1048576K
Event: 11.902 GC heap after
Heap after GC invocations=15 (full 2):
 PSYoungGen      total 90624K, used 12285K [0x00000000e0000000, 0x00000000e7880000, 0x0000000100000000)
  eden space 78336K, 0% used [0x00000000e0000000,0x00000000e0000000,0x00000000e4c80000)
  from space 12288K, 99% used [0x00000000e4c80000,0x00000000e587f548,0x00000000e5880000)
  to   space 14336K, 0% used [0x00000000e6a80000,0x00000000e6a80000,0x00000000e7880000)
 ParOldGen       total 97792K, used 19298K [0x00000000a0000000, 0x00000000a5f80000, 0x00000000e0000000)
  object space 97792K, 19% used [0x00000000a0000000,0x00000000a12d89e0,0x00000000a5f80000)
 Metaspace       used 47704K, capacity 49066K, committed 49320K, reserved 1091584K
  class space    used 6373K, capacity 6698K, committed 6824K, reserved 1048576K
}
Event: 13.107 GC heap before
{Heap before GC invocations=16 (full 2):
 PSYoungGen      total 90624K, used 90621K [0x00000000e0000000, 0x00000000e7880000, 0x0000000100000000)
  eden space 78336K, 100% used [0x00000000e0000000,0x00000000e4c80000,0x00000000e4c80000)
  from space 12288K, 99% used [0x00000000e4c80000,0x00000000e587f548,0x00000000e5880000)
  to   space 14336K, 0% used [0x00000000e6a80000,0x00000000e6a80000,0x00000000e7880000)
 ParOldGen       total 97792K, used 19298K [0x00000000a0000000, 0x00000000a5f80000, 0x00000000e0000000)
  object space 97792K, 19% used [0x00000000a0000000,0x00000000a12d89e0,0x00000000a5f80000)
 Metaspace       used 55075K, capacity 56994K, committed 57128K, reserved 1097728K
  class space    used 7432K, capacity 7911K, committed 7976K, reserved 1048576K
Event: 13.121 GC heap after
Heap after GC invocations=16 (full 2):
 PSYoungGen      total 105984K, used 14314K [0x00000000e0000000, 0x00000000e8100000, 0x0000000100000000)
  eden space 91648K, 0% used [0x00000000e0000000,0x00000000e0000000,0x00000000e5980000)
  from space 14336K, 99% used [0x00000000e6a80000,0x00000000e787a8e0,0x00000000e7880000)
  to   space 17408K, 0% used [0x00000000e5980000,0x00000000e5980000,0x00000000e6a80000)
 ParOldGen       total 97792K, used 23650K [0x00000000a0000000, 0x00000000a5f80000, 0x00000000e0000000)
  object space 97792K, 24% used [0x00000000a0000000,0x00000000a1718a58,0x00000000a5f80000)
 Metaspace       used 55075K, capacity 56994K, committed 57128K, reserved 1097728K
  class space    used 7432K, capacity 7911K, committed 7976K, reserved 1048576K
}
Event: 13.505 GC heap before
{Heap before GC invocations=17 (full 2):
 PSYoungGen      total 105984K, used 57129K [0x00000000e0000000, 0x00000000e8100000, 0x0000000100000000)
  eden space 91648K, 46% used [0x00000000e0000000,0x00000000e29cfe10,0x00000000e5980000)
  from space 14336K, 99% used [0x00000000e6a80000,0x00000000e787a8e0,0x00000000e7880000)
  to   space 17408K, 0% used [0x00000000e5980000,0x00000000e5980000,0x00000000e6a80000)
 ParOldGen       total 97792K, used 23650K [0x00000000a0000000, 0x00000000a5f80000, 0x00000000e0000000)
  object space 97792K, 24% used [0x00000000a0000000,0x00000000a1718a58,0x00000000a5f80000)
 Metaspace       used 57087K, capacity 59104K, committed 59160K, reserved 1099776K
  class space    used 7761K, capacity 8201K, committed 8232K, reserved 1048576K
Event: 13.517 GC heap after
Heap after GC invocations=17 (full 2):
 PSYoungGen      total 109056K, used 12818K [0x00000000e0000000, 0x00000000e8100000, 0x0000000100000000)
  eden space 91648K, 0% used [0x00000000e0000000,0x00000000e0000000,0x00000000e5980000)
  from space 17408K, 73% used [0x00000000e5980000,0x00000000e6604a58,0x00000000e6a80000)
  to   space 14336K, 0% used [0x00000000e6a80000,0x00000000e6a80000,0x00000000e7880000)
 ParOldGen       total 97792K, used 27473K [0x00000000a0000000, 0x00000000a5f80000, 0x00000000e0000000)
  object space 97792K, 28% used [0x00000000a0000000,0x00000000a1ad4428,0x00000000a5f80000)
 Metaspace       used 57087K, capacity 59104K, committed 59160K, reserved 1099776K
  class space    used 7761K, capacity 8201K, committed 8232K, reserved 1048576K
}
Event: 13.517 GC heap before
{Heap before GC invocations=18 (full 3):
 PSYoungGen      total 109056K, used 12818K [0x00000000e0000000, 0x00000000e8100000, 0x0000000100000000)
  eden space 91648K, 0% used [0x00000000e0000000,0x00000000e0000000,0x00000000e5980000)
  from space 17408K, 73% used [0x00000000e5980000,0x00000000e6604a58,0x00000000e6a80000)
  to   space 14336K, 0% used [0x00000000e6a80000,0x00000000e6a80000,0x00000000e7880000)
 ParOldGen       total 97792K, used 27473K [0x00000000a0000000, 0x00000000a5f80000, 0x00000000e0000000)
  object space 97792K, 28% used [0x00000000a0000000,0x00000000a1ad4428,0x00000000a5f80000)
 Metaspace       used 57087K, capacity 59104K, committed 59160K, reserved 1099776K
  class space    used 7761K, capacity 8201K, committed 8232K, reserved 1048576K
Event: 13.751 GC heap after
Heap after GC invocations=18 (full 3):
 PSYoungGen      total 109056K, used 0K [0x00000000e0000000, 0x00000000e8100000, 0x0000000100000000)
  eden space 91648K, 0% used [0x00000000e0000000,0x00000000e0000000,0x00000000e5980000)
  from space 17408K, 0% used [0x00000000e5980000,0x00000000e5980000,0x00000000e6a80000)
  to   space 14336K, 0% used [0x00000000e6a80000,0x00000000e6a80000,0x00000000e7880000)
 ParOldGen       total 97792K, used 31923K [0x00000000a0000000, 0x00000000a5f80000, 0x00000000e0000000)
  object space 97792K, 32% used [0x00000000a0000000,0x00000000a1f2cd98,0x00000000a5f80000)
 Metaspace       used 57028K, capacity 58902K, committed 59160K, reserved 1099776K
  class space    used 7743K, capacity 8174K, committed 8232K, reserved 1048576K
}

