# JRE version: OpenJDK Runtime Environment (8.0_212-b04) (build 1.8.0_212-release-1586-b04)
# Java VM: OpenJDK 64-Bit Server VM (25.212-b04 mixed mode windows-amd64 compressed oops)
Heap:
 PSYoungGen      total 293376K, used 236363K [0x00000000e0000000, 0x00000000f4680000, 0x0000000100000000)
  eden space 270336K, 84% used [0x00000000e0000000,0x00000000ede65398,0x00000000f0800000)
  from space 23040K, 37% used [0x00000000f2200000,0x00000000f2a6da98,0x00000000f3880000)
  to   space 26624K, 0% used [0x00000000f0800000,0x00000000f0800000,0x00000000f2200000)
 ParOldGen       total 131584K, used 103783K [0x00000000a0000000, 0x00000000a8080000, 0x00000000e0000000)
  object space 131584K, 78% used [0x00000000a0000000,0x00000000a6559eb0,0x00000000a8080000)
 Metaspace       used 79129K, capacity 83398K, committed 83544K, reserved 1122304K
  class space    used 10738K, capacity 11516K, committed 11608K, reserved 1048576K
GC Heap History (10 events):
Event: 27.640 GC heap before
{Heap before GC invocations=21 (full 3):
 PSYoungGen      total 261632K, used 248987K [0x00000000e0000000, 0x00000000f3880000, 0x0000000100000000)
  eden space 237056K, 100% used [0x00000000e0000000,0x00000000ee780000,0x00000000ee780000)
  from space 24576K, 48% used [0x00000000ee780000,0x00000000ef326fc8,0x00000000eff80000)
  to   space 23040K, 0% used [0x00000000f2200000,0x00000000f2200000,0x00000000f3880000)
 ParOldGen       total 131584K, used 62400K [0x00000000a0000000, 0x00000000a8080000, 0x00000000e0000000)
  object space 131584K, 47% used [0x00000000a0000000,0x00000000a3cf0100,0x00000000a8080000)
 Metaspace       used 78695K, capacity 82938K, committed 83032K, reserved 1120256K
  class space    used 10734K, capacity 11514K, committed 11608K, reserved 1048576K
Event: 27.680 GC heap after
Heap after GC invocations=21 (full 3):
 PSYoungGen      total 293376K, used 23028K [0x00000000e0000000, 0x00000000f4680000, 0x0000000100000000)
  eden space 270336K, 0% used [0x00000000e0000000,0x00000000e0000000,0x00000000f0800000)
  from space 23040K, 99% used [0x00000000f2200000,0x00000000f387d088,0x00000000f3880000)
  to   space 26624K, 0% used [0x00000000f0800000,0x00000000f0800000,0x00000000f2200000)
 ParOldGen       total 131584K, used 63100K [0x00000000a0000000, 0x00000000a8080000, 0x00000000e0000000)
  object space 131584K, 47% used [0x00000000a0000000,0x00000000a3d9f1d8,0x00000000a8080000)
 Metaspace       used 78695K, capacity 82938K, committed 83032K, reserved 1120256K
  class space    used 10734K, capacity 11514K, committed 11608K, reserved 1048576K
}
Event: 28.315 GC heap before
{Heap before GC invocations=22 (full 3):
 PSYoungGen      total 293376K, used 293364K [0x00000000e0000000, 0x00000000f4680000, 0x0000000100000000)
  eden space 270336K, 100% used [0x00000000e0000000,0x00000000f0800000,0x00000000f0800000)
  from space 23040K, 99% used [0x00000000f2200000,0x00000000f387d088,0x00000000f3880000)
  to   space 26624K, 0% used [0x00000000f0800000,0x00000000f0800000,0x00000000f2200000)
 ParOldGen       total 131584K, used 63100K [0x00000000a0000000, 0x00000000a8080000, 0x00000000e0000000)
  object space 131584K, 47% used [0x00000000a0000000,0x00000000a3d9f228,0x00000000a8080000)
 Metaspace       used 78863K, capacity 83158K, committed 83288K, reserved 1120256K
  class space    used 10735K, capacity 11514K, committed 11608K, reserved 1048576K
Event: 28.353 GC heap after
Heap after GC invocations=22 (full 3):
 PSYoungGen      total 296960K, used 22261K [0x00000000e0000000, 0x00000000f4680000, 0x0000000100000000)
  eden space 270336K, 0% used [0x00000000e0000000,0x00000000e0000000,0x00000000f0800000)
  from space 26624K, 83% used [0x00000000f0800000,0x00000000f1dbd7c8,0x00000000f2200000)
  to   space 23040K, 0% used [0x00000000f2200000,0x00000000f2200000,0x00000000f3880000)
 ParOldGen       total 131584K, used 71008K [0x00000000a0000000, 0x00000000a8080000, 0x00000000e0000000)
  object space 131584K, 53% used [0x00000000a0000000,0x00000000a45582e0,0x00000000a8080000)
 Metaspace       used 78863K, capacity 83158K, committed 83288K, reserved 1120256K
  class space    used 10735K, capacity 11514K, committed 11608K, reserved 1048576K
}
Event: 28.870 GC heap before
{Heap before GC invocations=23 (full 3):
 PSYoungGen      total 296960K, used 292597K [0x00000000e0000000, 0x00000000f4680000, 0x0000000100000000)
  eden space 270336K, 100% used [0x00000000e0000000,0x00000000f0800000,0x00000000f0800000)
  from space 26624K, 83% used [0x00000000f0800000,0x00000000f1dbd7c8,0x00000000f2200000)
  to   space 23040K, 0% used [0x00000000f2200000,0x00000000f2200000,0x00000000f3880000)
 ParOldGen       total 131584K, used 71010K [0x00000000a0000000, 0x00000000a8080000, 0x00000000e0000000)
  object space 131584K, 53% used [0x00000000a0000000,0x00000000a4558be8,0x00000000a8080000)
 Metaspace       used 78943K, capacity 83234K, committed 83544K, reserved 1122304K
  class space    used 10735K, capacity 11514K, committed 11608K, reserved 1048576K
Event: 28.911 GC heap after
Heap after GC invocations=23 (full 3):
 PSYoungGen      total 293376K, used 23038K [0x00000000e0000000, 0x00000000f4680000, 0x0000000100000000)
  eden space 270336K, 0% used [0x00000000e0000000,0x00000000e0000000,0x00000000f0800000)
  from space 23040K, 99% used [0x00000000f2200000,0x00000000f387fb78,0x00000000f3880000)
  to   space 26624K, 0% used [0x00000000f0800000,0x00000000f0800000,0x00000000f2200000)
 ParOldGen       total 131584K, used 78410K [0x00000000a0000000, 0x00000000a8080000, 0x00000000e0000000)
  object space 131584K, 59% used [0x00000000a0000000,0x00000000a4c92b70,0x00000000a8080000)
 Metaspace       used 78943K, capacity 83234K, committed 83544K, reserved 1122304K
  class space    used 10735K, capacity 11514K, committed 11608K, reserved 1048576K
}
Event: 29.520 GC heap before
{Heap before GC invocations=24 (full 3):
 PSYoungGen      total 293376K, used 293374K [0x00000000e0000000, 0x00000000f4680000, 0x0000000100000000)
  eden space 270336K, 100% used [0x00000000e0000000,0x00000000f0800000,0x00000000f0800000)
  from space 23040K, 99% used [0x00000000f2200000,0x00000000f387fb78,0x00000000f3880000)
  to   space 26624K, 0% used [0x00000000f0800000,0x00000000f0800000,0x00000000f2200000)
 ParOldGen       total 131584K, used 78410K [0x00000000a0000000, 0x00000000a8080000, 0x00000000e0000000)
  object space 131584K, 59% used [0x00000000a0000000,0x00000000a4c92b70,0x00000000a8080000)
 Metaspace       used 79026K, capacity 83314K, committed 83544K, reserved 1122304K
  class space    used 10737K, capacity 11516K, committed 11608K, reserved 1048576K
Event: 29.554 GC heap after
Heap after GC invocations=24 (full 3):
 PSYoungGen      total 296960K, used 13235K [0x00000000e0000000, 0x00000000f4680000, 0x0000000100000000)
  eden space 270336K, 0% used [0x00000000e0000000,0x00000000e0000000,0x00000000f0800000)
  from space 26624K, 49% used [0x00000000f0800000,0x00000000f14eced0,0x00000000f2200000)
  to   space 23040K, 0% used [0x00000000f2200000,0x00000000f2200000,0x00000000f3880000)
 ParOldGen       total 131584K, used 91500K [0x00000000a0000000, 0x00000000a8080000, 0x00000000e0000000)
  object space 131584K, 69% used [0x00000000a0000000,0x00000000a595b1d8,0x00000000a8080000)
 Metaspace       used 79026K, capacity 83314K, committed 83544K, reserved 1122304K
  class space    used 10737K, capacity 11516K, committed 11608K, reserved 1048576K
}
Event: 30.046 GC heap before
{Heap before GC invocations=25 (full 3):
 PSYoungGen      total 296960K, used 283571K [0x00000000e0000000, 0x00000000f4680000, 0x0000000100000000)
  eden space 270336K, 100% used [0x00000000e0000000,0x00000000f0800000,0x00000000f0800000)
  from space 26624K, 49% used [0x00000000f0800000,0x00000000f14eced0,0x00000000f2200000)
  to   space 23040K, 0% used [0x00000000f2200000,0x00000000f2200000,0x00000000f3880000)
 ParOldGen       total 131584K, used 91788K [0x00000000a0000000, 0x00000000a8080000, 0x00000000e0000000)
  object space 131584K, 69% used [0x00000000a0000000,0x00000000a59a3058,0x00000000a8080000)
 Metaspace       used 79042K, capacity 83318K, committed 83544K, reserved 1122304K
  class space    used 10737K, capacity 11516K, committed 11608K, reserved 1048576K
Event: 30.071 GC heap after
Heap after GC invocations=25 (full 3):
 PSYoungGen      total 293376K, used 8630K [0x00000000e0000000, 0x00000000f4680000, 0x0000000100000000)
  eden space 270336K, 0% used [0x00000000e0000000,0x00000000e0000000,0x00000000f0800000)
  from space 23040K, 37% used [0x00000000f2200000,0x00000000f2a6da98,0x00000000f3880000)
  to   space 26624K, 0% used [0x00000000f0800000,0x00000000f0800000,0x00000000f2200000)
 ParOldGen       total 131584K, used 103783K [0x00000000a0000000, 0x00000000a8080000, 0x00000000e0000000)
  object space 131584K, 78% used [0x00000000a0000000,0x00000000a6559eb0,0x00000000a8080000)
 Metaspace       used 79042K, capacity 83318K, committed 83544K, reserved 1122304K
  class space    used 10737K, capacity 11516K, committed 11608K, reserved 1048576K
}

