# JRE version: OpenJDK Runtime Environment (8.0_212-b04) (build 1.8.0_212-release-1586-b04)
# Java VM: OpenJDK 64-Bit Server VM (25.212-b04 mixed mode windows-amd64 compressed oops)
Heap:
 PSYoungGen      total 247808K, used 183676K [0x00000000e0000000, 0x00000000f3880000, 0x0000000100000000)
  eden space 196608K, 87% used [0x00000000e0000000,0x00000000ea778188,0x00000000ec000000)
  from space 51200K, 23% used [0x00000000ec000000,0x00000000ecbe7088,0x00000000ef200000)
  to   space 49664K, 0% used [0x00000000f0800000,0x00000000f0800000,0x00000000f3880000)
 ParOldGen       total 238592K, used 57531K [0x00000000a0000000, 0x00000000ae900000, 0x00000000e0000000)
  object space 238592K, 24% used [0x00000000a0000000,0x00000000a382ec50,0x00000000ae900000)
 Metaspace       used 83763K, capacity 87131K, committed 87316K, reserved 1124352K
  class space    used 11102K, capacity 11767K, committed 11836K, reserved 1048576K
GC Heap History (10 events):
Event: 13.310 GC heap before
{Heap before GC invocations=19 (full 3):
 PSYoungGen      total 194560K, used 191799K [0x00000000e0000000, 0x00000000f0580000, 0x0000000100000000)
  eden space 160768K, 98% used [0x00000000e0000000,0x00000000e9a556a0,0x00000000e9d00000)
  from space 33792K, 99% used [0x00000000e9d00000,0x00000000ebdf88e0,0x00000000ebe00000)
  to   space 39424K, 0% used [0x00000000edf00000,0x00000000edf00000,0x00000000f0580000)
 ParOldGen       total 147456K, used 70450K [0x00000000a0000000, 0x00000000a9000000, 0x00000000e0000000)
  object space 147456K, 47% used [0x00000000a0000000,0x00000000a44ccb58,0x00000000a9000000)
 Metaspace       used 65126K, capacity 68029K, committed 68244K, reserved 1107968K
  class space    used 9029K, capacity 9588K, committed 9660K, reserved 1048576K
Event: 13.372 GC heap after
Heap after GC invocations=19 (full 3):
 PSYoungGen      total 210944K, used 39414K [0x00000000e0000000, 0x00000000f3480000, 0x0000000100000000)
  eden space 171520K, 0% used [0x00000000e0000000,0x00000000e0000000,0x00000000ea780000)
  from space 39424K, 99% used [0x00000000edf00000,0x00000000f057d840,0x00000000f0580000)
  to   space 56832K, 0% used [0x00000000ea780000,0x00000000ea780000,0x00000000edf00000)
 ParOldGen       total 147456K, used 100053K [0x00000000a0000000, 0x00000000a9000000, 0x00000000e0000000)
  object space 147456K, 67% used [0x00000000a0000000,0x00000000a61b54e8,0x00000000a9000000)
 Metaspace       used 65126K, capacity 68029K, committed 68244K, reserved 1107968K
  class space    used 9029K, capacity 9588K, committed 9660K, reserved 1048576K
}
Event: 18.924 GC heap before
{Heap before GC invocations=20 (full 3):
 PSYoungGen      total 210944K, used 210934K [0x00000000e0000000, 0x00000000f3480000, 0x0000000100000000)
  eden space 171520K, 100% used [0x00000000e0000000,0x00000000ea780000,0x00000000ea780000)
  from space 39424K, 99% used [0x00000000edf00000,0x00000000f057d840,0x00000000f0580000)
  to   space 56832K, 0% used [0x00000000ea780000,0x00000000ea780000,0x00000000edf00000)
 ParOldGen       total 147456K, used 100053K [0x00000000a0000000, 0x00000000a9000000, 0x00000000e0000000)
  object space 147456K, 67% used [0x00000000a0000000,0x00000000a61b54e8,0x00000000a9000000)
 Metaspace       used 73042K, capacity 76245K, committed 76564K, reserved 1116160K
  class space    used 9837K, capacity 10452K, committed 10556K, reserved 1048576K
Event: 18.969 GC heap after
Heap after GC invocations=20 (full 3):
 PSYoungGen      total 228352K, used 20233K [0x00000000e0000000, 0x00000000f2a00000, 0x0000000100000000)
  eden space 171520K, 0% used [0x00000000e0000000,0x00000000e0000000,0x00000000ea780000)
  from space 56832K, 35% used [0x00000000ea780000,0x00000000ebb42478,0x00000000edf00000)
  to   space 53760K, 0% used [0x00000000ef580000,0x00000000ef580000,0x00000000f2a00000)
 ParOldGen       total 147456K, used 133807K [0x00000000a0000000, 0x00000000a9000000, 0x00000000e0000000)
  object space 147456K, 90% used [0x00000000a0000000,0x00000000a82abff0,0x00000000a9000000)
 Metaspace       used 73042K, capacity 76245K, committed 76564K, reserved 1116160K
  class space    used 9837K, capacity 10452K, committed 10556K, reserved 1048576K
}
Event: 18.969 GC heap before
{Heap before GC invocations=21 (full 4):
 PSYoungGen      total 228352K, used 20233K [0x00000000e0000000, 0x00000000f2a00000, 0x0000000100000000)
  eden space 171520K, 0% used [0x00000000e0000000,0x00000000e0000000,0x00000000ea780000)
  from space 56832K, 35% used [0x00000000ea780000,0x00000000ebb42478,0x00000000edf00000)
  to   space 53760K, 0% used [0x00000000ef580000,0x00000000ef580000,0x00000000f2a00000)
 ParOldGen       total 147456K, used 133807K [0x00000000a0000000, 0x00000000a9000000, 0x00000000e0000000)
  object space 147456K, 90% used [0x00000000a0000000,0x00000000a82abff0,0x00000000a9000000)
 Metaspace       used 73042K, capacity 76245K, committed 76564K, reserved 1116160K
  class space    used 9837K, capacity 10452K, committed 10556K, reserved 1048576K
Event: 19.078 GC heap after
Heap after GC invocations=21 (full 4):
 PSYoungGen      total 228352K, used 0K [0x00000000e0000000, 0x00000000f2a00000, 0x0000000100000000)
  eden space 171520K, 0% used [0x00000000e0000000,0x00000000e0000000,0x00000000ea780000)
  from space 56832K, 0% used [0x00000000ea780000,0x00000000ea780000,0x00000000edf00000)
  to   space 53760K, 0% used [0x00000000ef580000,0x00000000ef580000,0x00000000f2a00000)
 ParOldGen       total 238592K, used 57515K [0x00000000a0000000, 0x00000000ae900000, 0x00000000e0000000)
  object space 238592K, 24% used [0x00000000a0000000,0x00000000a382ac50,0x00000000ae900000)
 Metaspace       used 72802K, capacity 75523K, committed 76564K, reserved 1116160K
  class space    used 9758K, capacity 10309K, committed 10556K, reserved 1048576K
}
Event: 28.674 GC heap before
{Heap before GC invocations=22 (full 4):
 PSYoungGen      total 228352K, used 171520K [0x00000000e0000000, 0x00000000f2a00000, 0x0000000100000000)
  eden space 171520K, 100% used [0x00000000e0000000,0x00000000ea780000,0x00000000ea780000)
  from space 56832K, 0% used [0x00000000ea780000,0x00000000ea780000,0x00000000edf00000)
  to   space 53760K, 0% used [0x00000000ef580000,0x00000000ef580000,0x00000000f2a00000)
 ParOldGen       total 238592K, used 57515K [0x00000000a0000000, 0x00000000ae900000, 0x00000000e0000000)
  object space 238592K, 24% used [0x00000000a0000000,0x00000000a382ac50,0x00000000ae900000)
 Metaspace       used 75911K, capacity 78741K, committed 79380K, reserved 1118208K
  class space    used 10125K, capacity 10710K, committed 10812K, reserved 1048576K
Event: 28.689 GC heap after
Heap after GC invocations=22 (full 4):
 PSYoungGen      total 244224K, used 15313K [0x00000000e0000000, 0x00000000f2400000, 0x0000000100000000)
  eden space 196608K, 0% used [0x00000000e0000000,0x00000000e0000000,0x00000000ec000000)
  from space 47616K, 32% used [0x00000000ef580000,0x00000000f0474638,0x00000000f2400000)
  to   space 51200K, 0% used [0x00000000ec000000,0x00000000ec000000,0x00000000ef200000)
 ParOldGen       total 238592K, used 57523K [0x00000000a0000000, 0x00000000ae900000, 0x00000000e0000000)
  object space 238592K, 24% used [0x00000000a0000000,0x00000000a382cc50,0x00000000ae900000)
 Metaspace       used 75911K, capacity 78741K, committed 79380K, reserved 1118208K
  class space    used 10125K, capacity 10710K, committed 10812K, reserved 1048576K
}
Event: 1402.655 GC heap before
{Heap before GC invocations=23 (full 4):
 PSYoungGen      total 244224K, used 211921K [0x00000000e0000000, 0x00000000f2400000, 0x0000000100000000)
  eden space 196608K, 100% used [0x00000000e0000000,0x00000000ec000000,0x00000000ec000000)
  from space 47616K, 32% used [0x00000000ef580000,0x00000000f0474638,0x00000000f2400000)
  to   space 51200K, 0% used [0x00000000ec000000,0x00000000ec000000,0x00000000ef200000)
 ParOldGen       total 238592K, used 57523K [0x00000000a0000000, 0x00000000ae900000, 0x00000000e0000000)
  object space 238592K, 24% used [0x00000000a0000000,0x00000000a382cc50,0x00000000ae900000)
 Metaspace       used 78728K, capacity 81929K, committed 82068K, reserved 1120256K
  class space    used 10472K, capacity 11152K, committed 11196K, reserved 1048576K
Event: 1402.663 GC heap after
Heap after GC invocations=23 (full 4):
 PSYoungGen      total 247808K, used 12188K [0x00000000e0000000, 0x00000000f3880000, 0x0000000100000000)
  eden space 196608K, 0% used [0x00000000e0000000,0x00000000e0000000,0x00000000ec000000)
  from space 51200K, 23% used [0x00000000ec000000,0x00000000ecbe7088,0x00000000ef200000)
  to   space 49664K, 0% used [0x00000000f0800000,0x00000000f0800000,0x00000000f3880000)
 ParOldGen       total 238592K, used 57531K [0x00000000a0000000, 0x00000000ae900000, 0x00000000e0000000)
  object space 238592K, 24% used [0x00000000a0000000,0x00000000a382ec50,0x00000000ae900000)
 Metaspace       used 78728K, capacity 81929K, committed 82068K, reserved 1120256K
  class space    used 10472K, capacity 11152K, committed 11196K, reserved 1048576K
}

