# JRE version: OpenJDK Runtime Environment (8.0_212-b04) (build 1.8.0_212-release-1586-b04)
# Java VM: OpenJDK 64-Bit Server VM (25.212-b04 mixed mode windows-amd64 compressed oops)
Heap:
 PSYoungGen      total 124416K, used 96531K [0x00000000e0000000, 0x00000000e8c80000, 0x0000000100000000)
  eden space 112640K, 75% used [0x00000000e0000000,0x00000000e52f4470,0x00000000e6e00000)
  from space 11776K, 98% used [0x00000000e8100000,0x00000000e8c50868,0x00000000e8c80000)
  to   space 14336K, 0% used [0x00000000e7080000,0x00000000e7080000,0x00000000e7e80000)
 ParOldGen       total 65024K, used 19142K [0x00000000a0000000, 0x00000000a3f80000, 0x00000000e0000000)
  object space 65024K, 29% used [0x00000000a0000000,0x00000000a12b1bf0,0x00000000a3f80000)
 Metaspace       used 50751K, capacity 52434K, committed 52648K, reserved 1095680K
  class space    used 6863K, capacity 7273K, committed 7336K, reserved 1048576K
GC Heap History (10 events):
Event: 3.993 GC heap before
{Heap before GC invocations=8 (full 1):
 PSYoungGen      total 76288K, used 65536K [0x00000000e0000000, 0x00000000e5800000, 0x0000000100000000)
  eden space 65536K, 100% used [0x00000000e0000000,0x00000000e4000000,0x00000000e4000000)
  from space 10752K, 0% used [0x00000000e4b80000,0x00000000e4b80000,0x00000000e5600000)
  to   space 11776K, 0% used [0x00000000e4000000,0x00000000e4000000,0x00000000e4b80000)
 ParOldGen       total 65024K, used 9933K [0x00000000a0000000, 0x00000000a3f80000, 0x00000000e0000000)
  object space 65024K, 15% used [0x00000000a0000000,0x00000000a09b34f0,0x00000000a3f80000)
 Metaspace       used 28056K, capacity 28554K, committed 28928K, reserved 1075200K
  class space    used 3833K, capacity 4008K, committed 4096K, reserved 1048576K
Event: 4.003 GC heap after
Heap after GC invocations=8 (full 1):
 PSYoungGen      total 77312K, used 7421K [0x00000000e0000000, 0x00000000e7300000, 0x0000000100000000)
  eden space 65536K, 0% used [0x00000000e0000000,0x00000000e0000000,0x00000000e4000000)
  from space 11776K, 63% used [0x00000000e4000000,0x00000000e473f410,0x00000000e4b80000)
  to   space 11264K, 0% used [0x00000000e6800000,0x00000000e6800000,0x00000000e7300000)
 ParOldGen       total 65024K, used 9941K [0x00000000a0000000, 0x00000000a3f80000, 0x00000000e0000000)
  object space 65024K, 15% used [0x00000000a0000000,0x00000000a09b54f0,0x00000000a3f80000)
 Metaspace       used 28056K, capacity 28554K, committed 28928K, reserved 1075200K
  class space    used 3833K, capacity 4008K, committed 4096K, reserved 1048576K
}
Event: 5.042 GC heap before
{Heap before GC invocations=9 (full 1):
 PSYoungGen      total 77312K, used 72957K [0x00000000e0000000, 0x00000000e7300000, 0x0000000100000000)
  eden space 65536K, 100% used [0x00000000e0000000,0x00000000e4000000,0x00000000e4000000)
  from space 11776K, 63% used [0x00000000e4000000,0x00000000e473f410,0x00000000e4b80000)
  to   space 11264K, 0% used [0x00000000e6800000,0x00000000e6800000,0x00000000e7300000)
 ParOldGen       total 65024K, used 9941K [0x00000000a0000000, 0x00000000a3f80000, 0x00000000e0000000)
  object space 65024K, 15% used [0x00000000a0000000,0x00000000a09b54f0,0x00000000a3f80000)
 Metaspace       used 31853K, capacity 32568K, committed 32768K, reserved 1077248K
  class space    used 4305K, capacity 4547K, committed 4608K, reserved 1048576K
Event: 5.053 GC heap after
Heap after GC invocations=9 (full 1):
 PSYoungGen      total 104448K, used 8859K [0x00000000e0000000, 0x00000000e7280000, 0x0000000100000000)
  eden space 93696K, 0% used [0x00000000e0000000,0x00000000e0000000,0x00000000e5b80000)
  from space 10752K, 82% used [0x00000000e6800000,0x00000000e70a6f68,0x00000000e7280000)
  to   space 11776K, 0% used [0x00000000e5b80000,0x00000000e5b80000,0x00000000e6700000)
 ParOldGen       total 65024K, used 9949K [0x00000000a0000000, 0x00000000a3f80000, 0x00000000e0000000)
  object space 65024K, 15% used [0x00000000a0000000,0x00000000a09b74f0,0x00000000a3f80000)
 Metaspace       used 31853K, capacity 32568K, committed 32768K, reserved 1077248K
  class space    used 4305K, capacity 4547K, committed 4608K, reserved 1048576K
}
Event: 5.944 GC heap before
{Heap before GC invocations=10 (full 1):
 PSYoungGen      total 104448K, used 74501K [0x00000000e0000000, 0x00000000e7280000, 0x0000000100000000)
  eden space 93696K, 70% used [0x00000000e0000000,0x00000000e401a5f0,0x00000000e5b80000)
  from space 10752K, 82% used [0x00000000e6800000,0x00000000e70a6f68,0x00000000e7280000)
  to   space 11776K, 0% used [0x00000000e5b80000,0x00000000e5b80000,0x00000000e6700000)
 ParOldGen       total 65024K, used 9949K [0x00000000a0000000, 0x00000000a3f80000, 0x00000000e0000000)
  object space 65024K, 15% used [0x00000000a0000000,0x00000000a09b74f0,0x00000000a3f80000)
 Metaspace       used 34690K, capacity 35410K, committed 35496K, reserved 1079296K
  class space    used 4772K, capacity 4994K, committed 5032K, reserved 1048576K
Event: 5.962 GC heap after
Heap after GC invocations=10 (full 1):
 PSYoungGen      total 105472K, used 11749K [0x00000000e0000000, 0x00000000e8e00000, 0x0000000100000000)
  eden space 93696K, 0% used [0x00000000e0000000,0x00000000e0000000,0x00000000e5b80000)
  from space 11776K, 99% used [0x00000000e5b80000,0x00000000e66f9700,0x00000000e6700000)
  to   space 13312K, 0% used [0x00000000e8100000,0x00000000e8100000,0x00000000e8e00000)
 ParOldGen       total 65024K, used 9957K [0x00000000a0000000, 0x00000000a3f80000, 0x00000000e0000000)
  object space 65024K, 15% used [0x00000000a0000000,0x00000000a09b94f0,0x00000000a3f80000)
 Metaspace       used 34690K, capacity 35410K, committed 35496K, reserved 1079296K
  class space    used 4772K, capacity 4994K, committed 5032K, reserved 1048576K
}
Event: 5.962 GC heap before
{Heap before GC invocations=11 (full 2):
 PSYoungGen      total 105472K, used 11749K [0x00000000e0000000, 0x00000000e8e00000, 0x0000000100000000)
  eden space 93696K, 0% used [0x00000000e0000000,0x00000000e0000000,0x00000000e5b80000)
  from space 11776K, 99% used [0x00000000e5b80000,0x00000000e66f9700,0x00000000e6700000)
  to   space 13312K, 0% used [0x00000000e8100000,0x00000000e8100000,0x00000000e8e00000)
 ParOldGen       total 65024K, used 9957K [0x00000000a0000000, 0x00000000a3f80000, 0x00000000e0000000)
  object space 65024K, 15% used [0x00000000a0000000,0x00000000a09b94f0,0x00000000a3f80000)
 Metaspace       used 34690K, capacity 35410K, committed 35496K, reserved 1079296K
  class space    used 4772K, capacity 4994K, committed 5032K, reserved 1048576K
Event: 6.068 GC heap after
Heap after GC invocations=11 (full 2):
 PSYoungGen      total 105472K, used 0K [0x00000000e0000000, 0x00000000e8e00000, 0x0000000100000000)
  eden space 93696K, 0% used [0x00000000e0000000,0x00000000e0000000,0x00000000e5b80000)
  from space 11776K, 0% used [0x00000000e5b80000,0x00000000e5b80000,0x00000000e6700000)
  to   space 13312K, 0% used [0x00000000e8100000,0x00000000e8100000,0x00000000e8e00000)
 ParOldGen       total 65024K, used 19134K [0x00000000a0000000, 0x00000000a3f80000, 0x00000000e0000000)
  object space 65024K, 29% used [0x00000000a0000000,0x00000000a12afbf0,0x00000000a3f80000)
 Metaspace       used 34690K, capacity 35410K, committed 35496K, reserved 1079296K
  class space    used 4772K, capacity 4994K, committed 5032K, reserved 1048576K
}
Event: 7.783 GC heap before
{Heap before GC invocations=12 (full 2):
 PSYoungGen      total 105472K, used 93696K [0x00000000e0000000, 0x00000000e8e00000, 0x0000000100000000)
  eden space 93696K, 100% used [0x00000000e0000000,0x00000000e5b80000,0x00000000e5b80000)
  from space 11776K, 0% used [0x00000000e5b80000,0x00000000e5b80000,0x00000000e6700000)
  to   space 13312K, 0% used [0x00000000e8100000,0x00000000e8100000,0x00000000e8e00000)
 ParOldGen       total 65024K, used 19134K [0x00000000a0000000, 0x00000000a3f80000, 0x00000000e0000000)
  object space 65024K, 29% used [0x00000000a0000000,0x00000000a12afbf0,0x00000000a3f80000)
 Metaspace       used 43828K, capacity 45046K, committed 45224K, reserved 1087488K
  class space    used 5925K, capacity 6220K, committed 6312K, reserved 1048576K
Event: 7.798 GC heap after
Heap after GC invocations=12 (full 2):
 PSYoungGen      total 124416K, used 11586K [0x00000000e0000000, 0x00000000e8c80000, 0x0000000100000000)
  eden space 112640K, 0% used [0x00000000e0000000,0x00000000e0000000,0x00000000e6e00000)
  from space 11776K, 98% used [0x00000000e8100000,0x00000000e8c50868,0x00000000e8c80000)
  to   space 14336K, 0% used [0x00000000e7080000,0x00000000e7080000,0x00000000e7e80000)
 ParOldGen       total 65024K, used 19142K [0x00000000a0000000, 0x00000000a3f80000, 0x00000000e0000000)
  object space 65024K, 29% used [0x00000000a0000000,0x00000000a12b1bf0,0x00000000a3f80000)
 Metaspace       used 43828K, capacity 45046K, committed 45224K, reserved 1087488K
  class space    used 5925K, capacity 6220K, committed 6312K, reserved 1048576K
}

